CRITICAL - 2023-09-22 07:56:55 --> Invalid file: "insert.php"
in SYSTEMPATH\Exceptions\FrameworkException.php on line 39.
 1 SYSTEMPATH\View\View.php(214): CodeIgniter\Exceptions\FrameworkException::forInvalidFile('insert.php')
 2 SYSTEMPATH\Common.php(1188): CodeIgniter\View\View->render('insert', [], true)
 3 APPPATH\Controllers\Home.php(14): view('insert')
 4 SYSTEMPATH\CodeIgniter.php(919): App\Controllers\Home->insert()
 5 SYSTEMPATH\CodeIgniter.php(494): CodeIgniter\CodeIgniter->runController(Object(App\Controllers\Home))
 6 SYSTEMPATH\CodeIgniter.php(353): CodeIgniter\CodeIgniter->handleRequest(null, Object(Config\Cache), false)
 7 FCPATH\index.php(79): CodeIgniter\CodeIgniter->run()
 8 SYSTEMPATH\Commands\Server\rewrite.php(47): require_once('C:\\laragon\\www\\finalci4\\public\\index.php')
ERROR - 2023-09-22 10:33:45 --> mysqli_sql_exception: Table 'june.students' doesn't exist in C:\laragon\www\finalci4\system\Database\MySQLi\Connection.php:306
Stack trace:
#0 C:\laragon\www\finalci4\system\Database\MySQLi\Connection.php(306): mysqli->query('INSERT INTO `st...', 0)
#1 C:\laragon\www\finalci4\system\Database\BaseConnection.php(692): CodeIgniter\Database\MySQLi\Connection->execute('INSERT INTO `st...')
#2 C:\laragon\www\finalci4\system\Database\BaseConnection.php(606): CodeIgniter\Database\BaseConnection->simpleQuery('INSERT INTO `st...')
#3 C:\laragon\www\finalci4\system\Database\BaseBuilder.php(2308): CodeIgniter\Database\BaseConnection->query('INSERT INTO `st...', Array, false)
#4 C:\laragon\www\finalci4\system\Model.php(319): CodeIgniter\Database\BaseBuilder->insert()
#5 C:\laragon\www\finalci4\system\BaseModel.php(788): CodeIgniter\Model->doInsert(Array)
#6 C:\laragon\www\finalci4\system\Model.php(715): CodeIgniter\BaseModel->insert(Array, false)
#7 C:\laragon\www\finalci4\system\BaseModel.php(698): CodeIgniter\Model->insert(Array, false)
#8 C:\laragon\www\finalci4\app\Controllers\Home.php(30): CodeIgniter\BaseModel->save(Array)
#9 C:\laragon\www\finalci4\system\CodeIgniter.php(919): App\Controllers\Home->actioninsert()
#10 C:\laragon\www\finalci4\system\CodeIgniter.php(494): CodeIgniter\CodeIgniter->runController(Object(App\Controllers\Home))
#11 C:\laragon\www\finalci4\system\CodeIgniter.php(353): CodeIgniter\CodeIgniter->handleRequest(NULL, Object(Config\Cache), false)
#12 C:\laragon\www\finalci4\public\index.php(79): CodeIgniter\CodeIgniter->run()
#13 C:\laragon\www\finalci4\system\Commands\Server\rewrite.php(47): require_once('C:\\laragon\\www\\...')
#14 {main}
CRITICAL - 2023-09-22 10:33:45 --> Table 'june.students' doesn't exist
in SYSTEMPATH\Database\BaseConnection.php on line 646.
 1 SYSTEMPATH\Database\BaseBuilder.php(2308): CodeIgniter\Database\BaseConnection->query('INSERT INTO `students` (`gender`, `age`) VALUES (:gender:, :age:)', [...], false)
 2 SYSTEMPATH\Model.php(319): CodeIgniter\Database\BaseBuilder->insert()
 3 SYSTEMPATH\BaseModel.php(788): CodeIgniter\Model->doInsert([...])
 4 SYSTEMPATH\Model.php(715): CodeIgniter\BaseModel->insert([...], false)
 5 SYSTEMPATH\BaseModel.php(698): CodeIgniter\Model->insert([...], false)
 6 APPPATH\Controllers\Home.php(30): CodeIgniter\BaseModel->save([...])
 7 SYSTEMPATH\CodeIgniter.php(919): App\Controllers\Home->actioninsert()
 8 SYSTEMPATH\CodeIgniter.php(494): CodeIgniter\CodeIgniter->runController(Object(App\Controllers\Home))
 9 SYSTEMPATH\CodeIgniter.php(353): CodeIgniter\CodeIgniter->handleRequest(null, Object(Config\Cache), false)
10 FCPATH\index.php(79): CodeIgniter\CodeIgniter->run()
11 SYSTEMPATH\Commands\Server\rewrite.php(47): require_once('C:\\laragon\\www\\finalci4\\public\\index.php')
CRITICAL - 2023-09-22 10:46:34 --> Invalid file: "home.php"
in SYSTEMPATH\Exceptions\FrameworkException.php on line 39.
 1 SYSTEMPATH\View\View.php(214): CodeIgniter\Exceptions\FrameworkException::forInvalidFile('home.php')
 2 SYSTEMPATH\Common.php(1188): CodeIgniter\View\View->render('home', [], true)
 3 APPPATH\Controllers\Home.php(16): view('home')
 4 SYSTEMPATH\CodeIgniter.php(919): App\Controllers\Home->home()
 5 SYSTEMPATH\CodeIgniter.php(494): CodeIgniter\CodeIgniter->runController(Object(App\Controllers\Home))
 6 SYSTEMPATH\CodeIgniter.php(353): CodeIgniter\CodeIgniter->handleRequest(null, Object(Config\Cache), false)
 7 FCPATH\index.php(79): CodeIgniter\CodeIgniter->run()
 8 SYSTEMPATH\Commands\Server\rewrite.php(47): require_once('C:\\laragon\\www\\finalci4\\public\\index.php')
CRITICAL - 2023-09-22 10:48:54 --> Invalid file: "home.php"
in SYSTEMPATH\Exceptions\FrameworkException.php on line 39.
 1 SYSTEMPATH\View\View.php(214): CodeIgniter\Exceptions\FrameworkException::forInvalidFile('home.php')
 2 SYSTEMPATH\Common.php(1188): CodeIgniter\View\View->render('home', [], true)
 3 APPPATH\Controllers\Home.php(16): view('home')
 4 SYSTEMPATH\CodeIgniter.php(919): App\Controllers\Home->home()
 5 SYSTEMPATH\CodeIgniter.php(494): CodeIgniter\CodeIgniter->runController(Object(App\Controllers\Home))
 6 SYSTEMPATH\CodeIgniter.php(353): CodeIgniter\CodeIgniter->handleRequest(null, Object(Config\Cache), false)
 7 FCPATH\index.php(79): CodeIgniter\CodeIgniter->run()
 8 SYSTEMPATH\Commands\Server\rewrite.php(47): require_once('C:\\laragon\\www\\finalci4\\public\\index.php')
CRITICAL - 2023-09-22 10:49:34 --> Invalid file: "Home.php"
in SYSTEMPATH\Exceptions\FrameworkException.php on line 39.
 1 SYSTEMPATH\View\View.php(214): CodeIgniter\Exceptions\FrameworkException::forInvalidFile('Home.php')
 2 SYSTEMPATH\Common.php(1188): CodeIgniter\View\View->render('Home', [], true)
 3 APPPATH\Controllers\Home.php(16): view('Home')
 4 SYSTEMPATH\CodeIgniter.php(919): App\Controllers\Home->home()
 5 SYSTEMPATH\CodeIgniter.php(494): CodeIgniter\CodeIgniter->runController(Object(App\Controllers\Home))
 6 SYSTEMPATH\CodeIgniter.php(353): CodeIgniter\CodeIgniter->handleRequest(null, Object(Config\Cache), false)
 7 FCPATH\index.php(79): CodeIgniter\CodeIgniter->run()
 8 SYSTEMPATH\Commands\Server\rewrite.php(47): require_once('C:\\laragon\\www\\finalci4\\public\\index.php')
CRITICAL - 2023-09-22 11:15:22 --> Undefined array key "id"
in APPPATH\Views\home.php on line 14.
 1 APPPATH\Views\home.php(14): CodeIgniter\Debug\Exceptions->errorHandler(2, 'Undefined array key "id"', 'C:\\laragon\\www\\finalci4\\app\\Views\\home.php', 14)
 2 SYSTEMPATH\View\View.php(226): include('C:\\laragon\\www\\finalci4\\app\\Views\\home.php')
 3 SYSTEMPATH\View\View.php(229): CodeIgniter\View\View->CodeIgniter\View\{closure}()
 4 SYSTEMPATH\Common.php(1188): CodeIgniter\View\View->render('home.php', [], true)
 5 APPPATH\Controllers\Home.php(20): view('home.php', [...])
 6 SYSTEMPATH\CodeIgniter.php(919): App\Controllers\Home->home()
 7 SYSTEMPATH\CodeIgniter.php(494): CodeIgniter\CodeIgniter->runController(Object(App\Controllers\Home))
 8 SYSTEMPATH\CodeIgniter.php(353): CodeIgniter\CodeIgniter->handleRequest(null, Object(Config\Cache), false)
 9 FCPATH\index.php(79): CodeIgniter\CodeIgniter->run()
10 SYSTEMPATH\Commands\Server\rewrite.php(47): require_once('C:\\laragon\\www\\finalci4\\public\\index.php')
CRITICAL - 2023-09-22 12:32:41 --> Undefined variable $user
in APPPATH\Views\insert.php on line 13.
 1 APPPATH\Views\insert.php(13): CodeIgniter\Debug\Exceptions->errorHandler(2, 'Undefined variable $user', 'C:\\laragon\\www\\finalci4\\app\\Views\\insert.php', 13)
 2 SYSTEMPATH\View\View.php(226): include('C:\\laragon\\www\\finalci4\\app\\Views\\insert.php')
 3 SYSTEMPATH\View\View.php(229): CodeIgniter\View\View->CodeIgniter\View\{closure}()
 4 SYSTEMPATH\Common.php(1188): CodeIgniter\View\View->render('insert', [], true)
 5 APPPATH\Controllers\Home.php(32): view('insert')
 6 SYSTEMPATH\CodeIgniter.php(919): App\Controllers\Home->insert('1')
 7 SYSTEMPATH\CodeIgniter.php(494): CodeIgniter\CodeIgniter->runController(Object(App\Controllers\Home))
 8 SYSTEMPATH\CodeIgniter.php(353): CodeIgniter\CodeIgniter->handleRequest(null, Object(Config\Cache), false)
 9 FCPATH\index.php(79): CodeIgniter\CodeIgniter->run()
10 SYSTEMPATH\Commands\Server\rewrite.php(47): require_once('C:\\laragon\\www\\finalci4\\public\\index.php')
CRITICAL - 2023-09-22 12:34:33 --> Undefined variable $user
in APPPATH\Views\insert.php on line 13.
 1 APPPATH\Views\insert.php(13): CodeIgniter\Debug\Exceptions->errorHandler(2, 'Undefined variable $user', 'C:\\laragon\\www\\finalci4\\app\\Views\\insert.php', 13)
 2 SYSTEMPATH\View\View.php(226): include('C:\\laragon\\www\\finalci4\\app\\Views\\insert.php')
 3 SYSTEMPATH\View\View.php(229): CodeIgniter\View\View->CodeIgniter\View\{closure}()
 4 SYSTEMPATH\Common.php(1188): CodeIgniter\View\View->render('insert', [], true)
 5 APPPATH\Controllers\Home.php(32): view('insert')
 6 SYSTEMPATH\CodeIgniter.php(919): App\Controllers\Home->insert('1')
 7 SYSTEMPATH\CodeIgniter.php(494): CodeIgniter\CodeIgniter->runController(Object(App\Controllers\Home))
 8 SYSTEMPATH\CodeIgniter.php(353): CodeIgniter\CodeIgniter->handleRequest(null, Object(Config\Cache), false)
 9 FCPATH\index.php(79): CodeIgniter\CodeIgniter->run()
10 SYSTEMPATH\Commands\Server\rewrite.php(47): require_once('C:\\laragon\\www\\finalci4\\public\\index.php')
CRITICAL - 2023-09-22 12:34:52 --> Undefined variable $users
in APPPATH\Views\insert.php on line 13.
 1 APPPATH\Views\insert.php(13): CodeIgniter\Debug\Exceptions->errorHandler(2, 'Undefined variable $users', 'C:\\laragon\\www\\finalci4\\app\\Views\\insert.php', 13)
 2 SYSTEMPATH\View\View.php(226): include('C:\\laragon\\www\\finalci4\\app\\Views\\insert.php')
 3 SYSTEMPATH\View\View.php(229): CodeIgniter\View\View->CodeIgniter\View\{closure}()
 4 SYSTEMPATH\Common.php(1188): CodeIgniter\View\View->render('insert', [], true)
 5 APPPATH\Controllers\Home.php(32): view('insert')
 6 SYSTEMPATH\CodeIgniter.php(919): App\Controllers\Home->insert('1')
 7 SYSTEMPATH\CodeIgniter.php(494): CodeIgniter\CodeIgniter->runController(Object(App\Controllers\Home))
 8 SYSTEMPATH\CodeIgniter.php(353): CodeIgniter\CodeIgniter->handleRequest(null, Object(Config\Cache), false)
 9 FCPATH\index.php(79): CodeIgniter\CodeIgniter->run()
10 SYSTEMPATH\Commands\Server\rewrite.php(47): require_once('C:\\laragon\\www\\finalci4\\public\\index.php')
CRITICAL - 2023-09-22 12:54:22 --> Undefined variable $user
in APPPATH\Views\insert.php on line 13.
 1 APPPATH\Views\insert.php(13): CodeIgniter\Debug\Exceptions->errorHandler(2, 'Undefined variable $user', 'C:\\laragon\\www\\finalci4\\app\\Views\\insert.php', 13)
 2 SYSTEMPATH\View\View.php(226): include('C:\\laragon\\www\\finalci4\\app\\Views\\insert.php')
 3 SYSTEMPATH\View\View.php(229): CodeIgniter\View\View->CodeIgniter\View\{closure}()
 4 SYSTEMPATH\Common.php(1188): CodeIgniter\View\View->render('insert', [], true)
 5 APPPATH\Controllers\Home.php(32): view('insert')
 6 SYSTEMPATH\CodeIgniter.php(919): App\Controllers\Home->insert('1')
 7 SYSTEMPATH\CodeIgniter.php(494): CodeIgniter\CodeIgniter->runController(Object(App\Controllers\Home))
 8 SYSTEMPATH\CodeIgniter.php(353): CodeIgniter\CodeIgniter->handleRequest(null, Object(Config\Cache), false)
 9 FCPATH\index.php(79): CodeIgniter\CodeIgniter->run()
10 SYSTEMPATH\Commands\Server\rewrite.php(47): require_once('C:\\laragon\\www\\finalci4\\public\\index.php')
CRITICAL - 2023-09-22 12:54:26 --> Undefined variable $data
in APPPATH\Views\home.php on line 21.
 1 APPPATH\Views\home.php(21): CodeIgniter\Debug\Exceptions->errorHandler(2, 'Undefined variable $data', 'C:\\laragon\\www\\finalci4\\app\\Views\\home.php', 21)
 2 SYSTEMPATH\View\View.php(226): include('C:\\laragon\\www\\finalci4\\app\\Views\\home.php')
 3 SYSTEMPATH\View\View.php(229): CodeIgniter\View\View->CodeIgniter\View\{closure}()
 4 SYSTEMPATH\Common.php(1188): CodeIgniter\View\View->render('home.php', [], true)
 5 APPPATH\Controllers\Home.php(20): view('home.php', [...])
 6 SYSTEMPATH\CodeIgniter.php(919): App\Controllers\Home->home()
 7 SYSTEMPATH\CodeIgniter.php(494): CodeIgniter\CodeIgniter->runController(Object(App\Controllers\Home))
 8 SYSTEMPATH\CodeIgniter.php(353): CodeIgniter\CodeIgniter->handleRequest(null, Object(Config\Cache), false)
 9 FCPATH\index.php(79): CodeIgniter\CodeIgniter->run()
10 SYSTEMPATH\Commands\Server\rewrite.php(47): require_once('C:\\laragon\\www\\finalci4\\public\\index.php')
CRITICAL - 2023-09-22 12:54:28 --> Undefined variable $data
in APPPATH\Views\home.php on line 21.
 1 APPPATH\Views\home.php(21): CodeIgniter\Debug\Exceptions->errorHandler(2, 'Undefined variable $data', 'C:\\laragon\\www\\finalci4\\app\\Views\\home.php', 21)
 2 SYSTEMPATH\View\View.php(226): include('C:\\laragon\\www\\finalci4\\app\\Views\\home.php')
 3 SYSTEMPATH\View\View.php(229): CodeIgniter\View\View->CodeIgniter\View\{closure}()
 4 SYSTEMPATH\Common.php(1188): CodeIgniter\View\View->render('home.php', [], true)
 5 APPPATH\Controllers\Home.php(20): view('home.php', [...])
 6 SYSTEMPATH\CodeIgniter.php(919): App\Controllers\Home->home()
 7 SYSTEMPATH\CodeIgniter.php(494): CodeIgniter\CodeIgniter->runController(Object(App\Controllers\Home))
 8 SYSTEMPATH\CodeIgniter.php(353): CodeIgniter\CodeIgniter->handleRequest(null, Object(Config\Cache), false)
 9 FCPATH\index.php(79): CodeIgniter\CodeIgniter->run()
10 SYSTEMPATH\Commands\Server\rewrite.php(47): require_once('C:\\laragon\\www\\finalci4\\public\\index.php')
CRITICAL - 2023-09-22 12:54:47 --> Undefined variable $user
in APPPATH\Views\insert.php on line 13.
 1 APPPATH\Views\insert.php(13): CodeIgniter\Debug\Exceptions->errorHandler(2, 'Undefined variable $user', 'C:\\laragon\\www\\finalci4\\app\\Views\\insert.php', 13)
 2 SYSTEMPATH\View\View.php(226): include('C:\\laragon\\www\\finalci4\\app\\Views\\insert.php')
 3 SYSTEMPATH\View\View.php(229): CodeIgniter\View\View->CodeIgniter\View\{closure}()
 4 SYSTEMPATH\Common.php(1188): CodeIgniter\View\View->render('insert', [], true)
 5 APPPATH\Controllers\Home.php(32): view('insert')
 6 SYSTEMPATH\CodeIgniter.php(919): App\Controllers\Home->insert('1')
 7 SYSTEMPATH\CodeIgniter.php(494): CodeIgniter\CodeIgniter->runController(Object(App\Controllers\Home))
 8 SYSTEMPATH\CodeIgniter.php(353): CodeIgniter\CodeIgniter->handleRequest(null, Object(Config\Cache), false)
 9 FCPATH\index.php(79): CodeIgniter\CodeIgniter->run()
10 SYSTEMPATH\Commands\Server\rewrite.php(47): require_once('C:\\laragon\\www\\finalci4\\public\\index.php')
CRITICAL - 2023-09-22 12:55:14 --> Undefined variable $user
in APPPATH\Views\insert.php on line 13.
 1 APPPATH\Views\insert.php(13): CodeIgniter\Debug\Exceptions->errorHandler(2, 'Undefined variable $user', 'C:\\laragon\\www\\finalci4\\app\\Views\\insert.php', 13)
 2 SYSTEMPATH\View\View.php(226): include('C:\\laragon\\www\\finalci4\\app\\Views\\insert.php')
 3 SYSTEMPATH\View\View.php(229): CodeIgniter\View\View->CodeIgniter\View\{closure}()
 4 SYSTEMPATH\Common.php(1188): CodeIgniter\View\View->render('insert', [], true)
 5 APPPATH\Controllers\Home.php(32): view('insert')
 6 SYSTEMPATH\CodeIgniter.php(919): App\Controllers\Home->insert('1')
 7 SYSTEMPATH\CodeIgniter.php(494): CodeIgniter\CodeIgniter->runController(Object(App\Controllers\Home))
 8 SYSTEMPATH\CodeIgniter.php(353): CodeIgniter\CodeIgniter->handleRequest(null, Object(Config\Cache), false)
 9 FCPATH\index.php(79): CodeIgniter\CodeIgniter->run()
10 SYSTEMPATH\Commands\Server\rewrite.php(47): require_once('C:\\laragon\\www\\finalci4\\public\\index.php')
CRITICAL - 2023-09-22 12:55:25 --> Undefined variable $user
in APPPATH\Views\insert.php on line 13.
 1 APPPATH\Views\insert.php(13): CodeIgniter\Debug\Exceptions->errorHandler(2, 'Undefined variable $user', 'C:\\laragon\\www\\finalci4\\app\\Views\\insert.php', 13)
 2 SYSTEMPATH\View\View.php(226): include('C:\\laragon\\www\\finalci4\\app\\Views\\insert.php')
 3 SYSTEMPATH\View\View.php(229): CodeIgniter\View\View->CodeIgniter\View\{closure}()
 4 SYSTEMPATH\Common.php(1188): CodeIgniter\View\View->render('insert', [], true)
 5 APPPATH\Controllers\Home.php(32): view('insert')
 6 SYSTEMPATH\CodeIgniter.php(919): App\Controllers\Home->insert('<')
 7 SYSTEMPATH\CodeIgniter.php(494): CodeIgniter\CodeIgniter->runController(Object(App\Controllers\Home))
 8 SYSTEMPATH\CodeIgniter.php(353): CodeIgniter\CodeIgniter->handleRequest(null, Object(Config\Cache), false)
 9 FCPATH\index.php(79): CodeIgniter\CodeIgniter->run()
10 SYSTEMPATH\Commands\Server\rewrite.php(47): require_once('C:\\laragon\\www\\finalci4\\public\\index.php')
CRITICAL - 2023-09-22 12:56:18 --> Undefined variable $user
in APPPATH\Views\insert.php on line 13.
 1 APPPATH\Views\insert.php(13): CodeIgniter\Debug\Exceptions->errorHandler(2, 'Undefined variable $user', 'C:\\laragon\\www\\finalci4\\app\\Views\\insert.php', 13)
 2 SYSTEMPATH\View\View.php(226): include('C:\\laragon\\www\\finalci4\\app\\Views\\insert.php')
 3 SYSTEMPATH\View\View.php(229): CodeIgniter\View\View->CodeIgniter\View\{closure}()
 4 SYSTEMPATH\Common.php(1188): CodeIgniter\View\View->render('insert', [], true)
 5 APPPATH\Controllers\Home.php(32): view('insert')
 6 SYSTEMPATH\CodeIgniter.php(919): App\Controllers\Home->insert('1')
 7 SYSTEMPATH\CodeIgniter.php(494): CodeIgniter\CodeIgniter->runController(Object(App\Controllers\Home))
 8 SYSTEMPATH\CodeIgniter.php(353): CodeIgniter\CodeIgniter->handleRequest(null, Object(Config\Cache), false)
 9 FCPATH\index.php(79): CodeIgniter\CodeIgniter->run()
10 SYSTEMPATH\Commands\Server\rewrite.php(47): require_once('C:\\laragon\\www\\finalci4\\public\\index.php')
CRITICAL - 2023-09-22 12:56:34 --> Undefined variable $user
in APPPATH\Views\insert.php on line 13.
 1 APPPATH\Views\insert.php(13): CodeIgniter\Debug\Exceptions->errorHandler(2, 'Undefined variable $user', 'C:\\laragon\\www\\finalci4\\app\\Views\\insert.php', 13)
 2 SYSTEMPATH\View\View.php(226): include('C:\\laragon\\www\\finalci4\\app\\Views\\insert.php')
 3 SYSTEMPATH\View\View.php(229): CodeIgniter\View\View->CodeIgniter\View\{closure}()
 4 SYSTEMPATH\Common.php(1188): CodeIgniter\View\View->render('insert', [], true)
 5 APPPATH\Controllers\Home.php(32): view('insert')
 6 SYSTEMPATH\CodeIgniter.php(919): App\Controllers\Home->insert('1')
 7 SYSTEMPATH\CodeIgniter.php(494): CodeIgniter\CodeIgniter->runController(Object(App\Controllers\Home))
 8 SYSTEMPATH\CodeIgniter.php(353): CodeIgniter\CodeIgniter->handleRequest(null, Object(Config\Cache), false)
 9 FCPATH\index.php(79): CodeIgniter\CodeIgniter->run()
10 SYSTEMPATH\Commands\Server\rewrite.php(47): require_once('C:\\laragon\\www\\finalci4\\public\\index.php')
CRITICAL - 2023-09-22 12:56:58 --> Undefined variable $user
in APPPATH\Views\insert.php on line 13.
 1 APPPATH\Views\insert.php(13): CodeIgniter\Debug\Exceptions->errorHandler(2, 'Undefined variable $user', 'C:\\laragon\\www\\finalci4\\app\\Views\\insert.php', 13)
 2 SYSTEMPATH\View\View.php(226): include('C:\\laragon\\www\\finalci4\\app\\Views\\insert.php')
 3 SYSTEMPATH\View\View.php(229): CodeIgniter\View\View->CodeIgniter\View\{closure}()
 4 SYSTEMPATH\Common.php(1188): CodeIgniter\View\View->render('insert', [], true)
 5 APPPATH\Controllers\Home.php(32): view('insert')
 6 SYSTEMPATH\CodeIgniter.php(919): App\Controllers\Home->insert()
 7 SYSTEMPATH\CodeIgniter.php(494): CodeIgniter\CodeIgniter->runController(Object(App\Controllers\Home))
 8 SYSTEMPATH\CodeIgniter.php(353): CodeIgniter\CodeIgniter->handleRequest(null, Object(Config\Cache), false)
 9 FCPATH\index.php(79): CodeIgniter\CodeIgniter->run()
10 SYSTEMPATH\Commands\Server\rewrite.php(47): require_once('C:\\laragon\\www\\finalci4\\public\\index.php')
CRITICAL - 2023-09-22 13:01:45 --> Undefined variable $user
in APPPATH\Views\insert.php on line 13.
 1 APPPATH\Views\insert.php(13): CodeIgniter\Debug\Exceptions->errorHandler(2, 'Undefined variable $user', 'C:\\laragon\\www\\finalci4\\app\\Views\\insert.php', 13)
 2 SYSTEMPATH\View\View.php(226): include('C:\\laragon\\www\\finalci4\\app\\Views\\insert.php')
 3 SYSTEMPATH\View\View.php(229): CodeIgniter\View\View->CodeIgniter\View\{closure}()
 4 SYSTEMPATH\Common.php(1188): CodeIgniter\View\View->render('insert', [], true)
 5 APPPATH\Controllers\Home.php(32): view('insert')
 6 SYSTEMPATH\CodeIgniter.php(919): App\Controllers\Home->insert('1')
 7 SYSTEMPATH\CodeIgniter.php(494): CodeIgniter\CodeIgniter->runController(Object(App\Controllers\Home))
 8 SYSTEMPATH\CodeIgniter.php(353): CodeIgniter\CodeIgniter->handleRequest(null, Object(Config\Cache), false)
 9 FCPATH\index.php(79): CodeIgniter\CodeIgniter->run()
10 SYSTEMPATH\Commands\Server\rewrite.php(47): require_once('C:\\laragon\\www\\finalci4\\public\\index.php')
ERROR - 2023-09-22 14:38:08 --> mysqli_sql_exception: Table 'lab.users' doesn't exist in C:\laragon\www\lab1\system\Database\MySQLi\Connection.php:306
Stack trace:
#0 C:\laragon\www\lab1\system\Database\MySQLi\Connection.php(306): mysqli->query('SELECT *\nFROM `...', 0)
#1 C:\laragon\www\lab1\system\Database\BaseConnection.php(692): CodeIgniter\Database\MySQLi\Connection->execute('SELECT *\nFROM `...')
#2 C:\laragon\www\lab1\system\Database\BaseConnection.php(606): CodeIgniter\Database\BaseConnection->simpleQuery('SELECT *\nFROM `...')
#3 C:\laragon\www\lab1\system\Database\BaseBuilder.php(1615): CodeIgniter\Database\BaseConnection->query('SELECT *\nFROM `...', Array, false)
#4 C:\laragon\www\lab1\system\Model.php(237): CodeIgniter\Database\BaseBuilder->get()
#5 C:\laragon\www\lab1\system\BaseModel.php(624): CodeIgniter\Model->doFindAll(0, 0)
#6 C:\laragon\www\lab1\app\Controllers\Home.php(18): CodeIgniter\BaseModel->findAll()
#7 C:\laragon\www\lab1\system\CodeIgniter.php(919): App\Controllers\Home->home()
#8 C:\laragon\www\lab1\system\CodeIgniter.php(494): CodeIgniter\CodeIgniter->runController(Object(App\Controllers\Home))
#9 C:\laragon\www\lab1\system\CodeIgniter.php(353): CodeIgniter\CodeIgniter->handleRequest(NULL, Object(Config\Cache), false)
#10 C:\laragon\www\lab1\public\index.php(79): CodeIgniter\CodeIgniter->run()
#11 C:\laragon\www\lab1\system\Commands\Server\rewrite.php(47): require_once('C:\\laragon\\www\\...')
#12 {main}
CRITICAL - 2023-09-22 14:38:08 --> Table 'lab.users' doesn't exist
in SYSTEMPATH\Database\BaseConnection.php on line 646.
 1 SYSTEMPATH\Database\BaseBuilder.php(1615): CodeIgniter\Database\BaseConnection->query('SELECT *
FROM `users`', [], false)
 2 SYSTEMPATH\Model.php(237): CodeIgniter\Database\BaseBuilder->get()
 3 SYSTEMPATH\BaseModel.php(624): CodeIgniter\Model->doFindAll(0, 0)
 4 APPPATH\Controllers\Home.php(18): CodeIgniter\BaseModel->findAll()
 5 SYSTEMPATH\CodeIgniter.php(919): App\Controllers\Home->home()
 6 SYSTEMPATH\CodeIgniter.php(494): CodeIgniter\CodeIgniter->runController(Object(App\Controllers\Home))
 7 SYSTEMPATH\CodeIgniter.php(353): CodeIgniter\CodeIgniter->handleRequest(null, Object(Config\Cache), false)
 8 FCPATH\index.php(79): CodeIgniter\CodeIgniter->run()
 9 SYSTEMPATH\Commands\Server\rewrite.php(47): require_once('C:\\laragon\\www\\lab1\\public\\index.php')
ERROR - 2023-09-22 14:38:08 --> mysqli_sql_exception: Table 'lab.users' doesn't exist in C:\laragon\www\lab1\system\Database\MySQLi\Connection.php:306
Stack trace:
#0 C:\laragon\www\lab1\system\Database\MySQLi\Connection.php(306): mysqli->query('SELECT *\nFROM `...', 0)
#1 C:\laragon\www\lab1\system\Database\BaseConnection.php(692): CodeIgniter\Database\MySQLi\Connection->execute('SELECT *\nFROM `...')
#2 C:\laragon\www\lab1\system\Database\BaseConnection.php(606): CodeIgniter\Database\BaseConnection->simpleQuery('SELECT *\nFROM `...')
#3 C:\laragon\www\lab1\system\Database\BaseBuilder.php(1615): CodeIgniter\Database\BaseConnection->query('SELECT *\nFROM `...', Array, false)
#4 C:\laragon\www\lab1\system\Model.php(237): CodeIgniter\Database\BaseBuilder->get()
#5 C:\laragon\www\lab1\system\BaseModel.php(624): CodeIgniter\Model->doFindAll(0, 0)
#6 C:\laragon\www\lab1\app\Controllers\Home.php(18): CodeIgniter\BaseModel->findAll()
#7 C:\laragon\www\lab1\system\CodeIgniter.php(919): App\Controllers\Home->home()
#8 C:\laragon\www\lab1\system\CodeIgniter.php(494): CodeIgniter\CodeIgniter->runController(Object(App\Controllers\Home))
#9 C:\laragon\www\lab1\system\CodeIgniter.php(353): CodeIgniter\CodeIgniter->handleRequest(NULL, Object(Config\Cache), false)
#10 C:\laragon\www\lab1\public\index.php(79): CodeIgniter\CodeIgniter->run()
#11 C:\laragon\www\lab1\system\Commands\Server\rewrite.php(47): require_once('C:\\laragon\\www\\...')
#12 {main}
CRITICAL - 2023-09-22 14:38:08 --> Table 'lab.users' doesn't exist
in SYSTEMPATH\Database\BaseConnection.php on line 646.
 1 SYSTEMPATH\Database\BaseBuilder.php(1615): CodeIgniter\Database\BaseConnection->query('SELECT *
FROM `users`', [], false)
 2 SYSTEMPATH\Model.php(237): CodeIgniter\Database\BaseBuilder->get()
 3 SYSTEMPATH\BaseModel.php(624): CodeIgniter\Model->doFindAll(0, 0)
 4 APPPATH\Controllers\Home.php(18): CodeIgniter\BaseModel->findAll()
 5 SYSTEMPATH\CodeIgniter.php(919): App\Controllers\Home->home()
 6 SYSTEMPATH\CodeIgniter.php(494): CodeIgniter\CodeIgniter->runController(Object(App\Controllers\Home))
 7 SYSTEMPATH\CodeIgniter.php(353): CodeIgniter\CodeIgniter->handleRequest(null, Object(Config\Cache), false)
 8 FCPATH\index.php(79): CodeIgniter\CodeIgniter->run()
 9 SYSTEMPATH\Commands\Server\rewrite.php(47): require_once('C:\\laragon\\www\\lab1\\public\\index.php')
